<?xml version="1.0" encoding="UTF-8"?>
<!-- Generated by org.testng.reporters.JUnitReportReporter -->
<testsuite hostname="MacBook-Pro-2.local" failures="0" tests="1" name="mmt.FlightPageNavigation" time="9.629" errors="0" timestamp="2024-08-07T10:02:11 IST" skipped="0">
  <testcase classname="mmt.FlightPageNavigation" name="testFlightPageNavigation" time="9.629"/>
</testsuite> <!-- mmt.FlightPageNavigation -->
